DVBlast 3.4 (release)
warning: restarting
debug: compiled with DVB API version 5.11
debug: using DVB API version 5.11
debug: Frontend "TBS 5580 CI USB2.0 DVB-S/S2/S2X" supports:
debug:  frequency min: 950000, max: 2150000, stepsize: 0, tolerance: 0
debug:  symbolrate min: 1000000, max: 45000000, tolerance: 0
debug:  capabilities:
debug:   INVERSION_AUTO
debug:   FEC_1_2
debug:   FEC_2_3
debug:   FEC_3_4
debug:   FEC_5_6
debug:   FEC_7_8
debug:   FEC_AUTO
debug:   QPSK
debug:   QAM_16
debug:   QAM_32
debug:   QAM_64
debug:   QAM_128
debug:   QAM_256
debug:   QAM_AUTO
debug:   TRANSMISSION_MODE_AUTO
debug:   GUARD_INTERVAL_AUTO
debug:   HIERARCHY_AUTO
debug:   2G_MODULATION
debug:   MULTISTREAM
debug:   FE_CAN_MUTE_TS
debug:  delivery systems:
debug:   DVBS
debug:   DVBS2
debug:   DSS
debug: frequency 11766000 is in Ku-band (higher)
debug: configuring LNB to v=13 p=1 satnum=0 uncommitted=0 lnb-type=universal bis_frequency=1166000
debug: tuning DVB-S frontend to f=11766000 srate=29900000 inversion=-1 fec=999 rolloff=35 modulation=psk_8 pilot=-1 mis=0 /pls-mode: ROOT (0) pls-code: 0 is-id: 0 /
debug: CA interface with 1 slot
debug:   CI link layer level interface type
debug:   0 available descramblers (keys)
debug: setting filter on PID 0
debug: setting filter on PID 16
debug: setting filter on PID 17
debug: setting filter on PID 18
debug: setting filter on PID 19
debug: setting filter on PID 20
error: no config file
warning: TS discontinuity on pid   18 expected_cc  8 got  1 (EPG, sid 0)
debug: new PAT tsid=5200 version=28
debug:   * NIT pid=16
debug:   * program number=3401 pid=1101
debug:   * program number=3402 pid=1102
debug:   * program number=3403 pid=1103
debug:   * program number=3405 pid=1105
debug:   * program number=3406 pid=1106
debug:   * program number=3407 pid=1107
debug:   * program number=3441 pid=1121
debug:   * program number=3442 pid=1122
debug:   * program number=3443 pid=1123
debug:   * program number=3444 pid=1124
debug:   * program number=3445 pid=1125
debug:   * program number=3446 pid=1126
debug:   * program number=3447 pid=1127
debug:   * program number=3448 pid=1128
debug:   * program number=3449 pid=1129
debug:   * program number=3450 pid=1130
debug:   * program number=3451 pid=1131
debug:   * program number=3452 pid=1132
debug:   * program number=3453 pid=1133
debug:   * program number=3454 pid=1134
debug:   * program number=3455 pid=1135
debug: end PAT
debug: frontend has acquired signal
debug: frontend has acquired carrier
debug: frontend has acquired stable FEC
debug: frontend has acquired sync
info: frontend has acquired lock
debug: - Bit error rate: 0
debug: - Signal strength: 36736
debug: - SNR: 38540
debug: new SDT actual tsid=5200 version=4 onid=318
debug:   * service sid=3401 eit_schedule eit_pf running=4 scrambled
debug:     - desc 48 service type=0x19 provider="Rai" service="Rai 1 HD"
debug:   * service sid=3402 eit_schedule eit_pf running=4 scrambled
debug:     - desc 48 service type=0x19 provider="Rai" service="Rai 2 HD"
debug:   * service sid=3403 eit_schedule eit_pf running=4 scrambled
debug:     - desc 48 service type=0x19 provider="Rai" service="Rai 3 HD"
debug:   * service sid=3405 eit_schedule eit_pf running=4 scrambled
debug:     - desc 48 service type=0x19 provider="" service="Rai 4 HD"
debug:   * service sid=3406 eit_schedule eit_pf running=4 scrambled
debug:     - desc 48 service type=0x19 provider="Rai" service="Rai Movie HD"
debug:   * service sid=3407 running=4 scrambled
debug:     - desc 48 service type=0x1f provider="Rai" service="Rai 4K"
debug:   * service sid=3441 eit_pf running=4
debug:     - desc 48 service type=0x2 provider="Rai" service="Rai Radio 1"
debug:   * service sid=3442 eit_pf running=4
debug:     - desc 48 service type=0x2 provider="Rai" service="Rai Radio 2"
debug:   * service sid=3443 eit_pf running=4
debug:     - desc 48 service type=0x2 provider="Rai" service="Rai Radio 3"
debug:   * service sid=3444 eit_pf running=4
debug:     - desc 48 service type=0x2 provider="Rai" service="Rai Radio3 Classica"
debug:   * service sid=3445 eit_pf running=4
debug:     - desc 48 service type=0x2 provider="Rai" service="Rai GR Parlamento"
debug:   * service sid=3446 eit_pf running=4
debug:     - desc 48 service type=0x2 provider="Rai" service="Rai Isoradio"
debug:   * service sid=3447 eit_pf running=4
debug:     - desc 48 service type=0x2 provider="Rai" service="Rai Radio Techete'"
debug:   * service sid=3448 eit_pf running=4
debug:     - desc 48 service type=0x2 provider="Rai" service="Rai Radio Live Napoli"
debug:   * service sid=3449 eit_pf running=4
debug:     - desc 48 service type=0x2 provider="Rai" service="Rai Radio Kids"
debug:   * service sid=3450 running=4
debug:     - desc 48 service type=0x2 provider="Rai" service="No Name Radio"
debug:   * service sid=3451 eit_pf running=4
debug:     - desc 48 service type=0x2 provider="Rai" service="Rai Radio Tutta Italiana"
debug:   * service sid=3452 running=4
debug:     - desc 48 service type=0xa provider="Rai" service="L’Ora della Venezia Giulia"
debug:   * service sid=3453 running=4
debug:     - desc 48 service type=0x2 provider="Rai" service="Rai Radio1 Sport"
debug:   * service sid=3454 running=4
debug:     - desc 48 service type=0xa provider="Rai" service="Rai Radio Slovenia"
debug:   * service sid=3455 running=4
debug:     - desc 48 service type=0xa provider="Rai" service="Rai Radio Südtirol"
debug: end SDT
debug: new NIT actual networkid=318 version=3
debug:     - desc 40 networkname="RAI"
debug:   * ts tsid=5200 onid=318
debug:     - desc 43 dvb-s2 frequency=11765840V pos=13.0E rolloff=0.25 modulation=8psk symbolrate=29900000 fecinner=3/4
debug:     - desc 41 service_list sid=3401 type=0x19
debug:     - desc 41 service_list sid=3402 type=0x19
debug:     - desc 41 service_list sid=3403 type=0x19
debug:     - desc 41 service_list sid=3405 type=0x19
debug:     - desc 41 service_list sid=3406 type=0x19
debug:     - desc 41 service_list sid=3407 type=0x1f
debug:     - desc 41 service_list sid=3441 type=0x02
debug:     - desc 41 service_list sid=3442 type=0x02
debug:     - desc 41 service_list sid=3443 type=0x02
debug:     - desc 41 service_list sid=3444 type=0x02
debug:     - desc 41 service_list sid=3445 type=0x02
debug:     - desc 41 service_list sid=3446 type=0x02
debug:     - desc 41 service_list sid=3447 type=0x02
debug:     - desc 41 service_list sid=3448 type=0x02
debug:     - desc 41 service_list sid=3449 type=0x02
debug:     - desc 41 service_list sid=3450 type=0x02
debug:     - desc 41 service_list sid=3451 type=0x02
debug:     - desc 41 service_list sid=3452 type=0x02
debug:     - desc 41 service_list sid=3453 type=0x02
debug:     - desc 41 service_list sid=3454 type=0x02
debug:     - desc 41 service_list sid=3455 type=0x02
debug: end NIT
info: Shutdown was requested.
CAM none
lock status: 1
